2025-12-14 02:11:15.099 | INFO     | src.utils.logger:setup_logger:88 | Logger initialized with level=DEBUG
2025-12-14 02:11:15.102 | DEBUG    | __main__:<module>:6 | Debug message test
2025-12-14 02:11:15.102 | INFO     | __main__:<module>:7 | Info message test
2025-12-14 02:11:15.103 | WARNING  | __main__:<module>:8 | Warning message test
2025-12-14 02:11:15.103 | ERROR    | __main__:<module>:9 | Error message test
2025-12-14 02:11:15.103 | ERROR    | __main__:<module>:15 | Caught API error: Failed to fetch flights, status=429
Traceback (most recent call last):

> File "<string>", line 13, in <module>

src.utils.exceptions.OpenSkyAPIError: Failed to fetch flights
2025-12-14 02:19:27.972 | INFO     | src.utils.logger:setup_logger:88 | Logger initialized with level=DEBUG
2025-12-14 02:19:29.679 | INFO     | src.ingestion.db.models:_ensure_database:150 | Database initialized at data/ingestion.db
2025-12-14 02:19:29.679 | INFO     | src.ingestion.components.client:__init__:61 | OpenSky client initialized without authentication (lower rate limits)
2025-12-14 02:19:58.458 | INFO     | src.utils.logger:setup_logger:88 | Logger initialized with level=DEBUG
2025-12-15 20:53:59.325 | INFO     | src.utils.logger:setup_logger:88 | Logger initialized with level=DEBUG
2025-12-15 20:54:00.265 | INFO     | src.utils.logger:setup_logger:88 | Logger initialized with level=DEBUG
2025-12-15 20:54:00.266 | INFO     | __main__:run_local_test:22 | ============================================================
2025-12-15 20:54:00.266 | INFO     | __main__:run_local_test:23 | LOCAL INGESTION TEST
2025-12-15 20:54:00.266 | INFO     | __main__:run_local_test:24 | ============================================================
2025-12-15 20:54:00.266 | INFO     | src.ingestion.components.client:__init__:61 | OpenSky client initialized without authentication (lower rate limits)
2025-12-15 20:54:00.267 | INFO     | src.ingestion.components.local_storage:__init__:72 | LocalStorage initialized at: /home/harshsingh/Documents/coding/mlops/flights-forecasting/services/samples
2025-12-15 20:54:00.272 | INFO     | src.ingestion.db.models:_ensure_database:150 | Database initialized at data/ingestion.db
2025-12-15 20:54:00.273 | INFO     | __main__:run_local_test:37 | Time window: 2025-12-15 12:24:00.273153+00:00 to 2025-12-15 14:24:00.273153+00:00
2025-12-15 20:54:00.280 | DEBUG    | src.ingestion.db.models:create_record:203 | Created ingestion record with ID: 1
2025-12-15 20:54:00.281 | INFO     | __main__:run_local_test:45 | Created ingestion record: 1
2025-12-15 20:54:00.281 | INFO     | __main__:run_local_test:49 | Fetching flights from OpenSky API...
2025-12-15 20:54:00.281 | INFO     | src.ingestion.components.client:get_flights_by_time:182 | Fetching flights from 2025-12-15 12:24:00+00:00 to 2025-12-15 14:24:00+00:00
2025-12-15 20:54:00.281 | DEBUG    | src.ingestion.components.client:_make_request:87 | Making request to https://opensky-network.org/api/flights/all with params: {'begin': 1765801440, 'end': 1765808640}
2025-12-15 20:54:17.339 | DEBUG    | src.ingestion.components.client:_make_request:109 | Received response with 679 items
2025-12-15 20:54:17.339 | INFO     | __main__:run_local_test:64 | Fetched 679 flights
2025-12-15 20:54:17.340 | INFO     | __main__:run_local_test:67 | Sample flight data:
2025-12-15 20:54:17.340 | INFO     | __main__:run_local_test:69 |   ZSCJI    | FAGC → FALL
2025-12-15 20:54:17.340 | INFO     | __main__:run_local_test:69 |   SFR262   | FAOR → FADH
2025-12-15 20:54:17.340 | INFO     | __main__:run_local_test:69 |   LNK555A  | FAOR → FADH
2025-12-15 20:54:17.403 | DEBUG    | src.ingestion.components.local_storage:flights_to_dataframe:102 | Created DataFrame with 679 flight records
2025-12-15 20:54:17.420 | INFO     | src.ingestion.components.local_storage:save_flights:164 | Saved 679 flights to samples/flights/year=2025/month=12/day=15/20251215_142400.parquet
2025-12-15 20:54:17.427 | DEBUG    | src.ingestion.db.models:update_record:247 | Updated ingestion record 1 with status: success
2025-12-15 20:54:17.429 | INFO     | __main__:run_local_test:87 | ============================================================
2025-12-15 20:54:17.429 | INFO     | __main__:run_local_test:88 | TEST COMPLETE!
2025-12-15 20:54:17.430 | INFO     | __main__:run_local_test:89 |   Records: 679
2025-12-15 20:54:17.430 | INFO     | __main__:run_local_test:90 |   File: samples/flights/year=2025/month=12/day=15/20251215_142400.parquet
2025-12-15 20:54:17.430 | INFO     | __main__:run_local_test:91 |   Status: success
2025-12-15 20:54:17.431 | INFO     | __main__:run_local_test:92 | ============================================================
2025-12-15 20:54:17.435 | INFO     | __main__:run_local_test:97 | 
Parquet file preview:
2025-12-15 20:54:38.103 | INFO     | src.utils.logger:setup_logger:88 | Logger initialized with level=DEBUG
2025-12-15 20:54:38.538 | INFO     | src.ingestion.db.models:_ensure_database:150 | Database initialized at data/ingestion.db
